Build started 3/18/2015 11:54:20 PM.
     1>Project "C:\Users\Casey Megginson\Documents\Visual Studio 2012\Projects\GameHomework1\Hmwk.1.Assignment.vcxproj" on node 2 (Build target(s)).
     1>PreBuildEvent:
         copy "C:\Users\Casey Megginson\Documents\Visual Studio 2012\Projects\GameHomework1\ThirdParty\SDL2-2.0.3\lib\x86\*.dll" "C:\Users\Casey Megginson\Documents\Visual Studio 2012\Projects\GameHomework1\"
         copy "C:\Users\Casey Megginson\Documents\Visual Studio 2012\Projects\GameHomework1\ThirdParty\SDL2_image-2.0.0\lib\x86\*.dll" "C:\Users\Casey Megginson\Documents\Visual Studio 2012\Projects\GameHomework1\"
         
         :VCEnd
         C:\Users\Casey Megginson\Documents\Visual Studio 2012\Projects\GameHomework1\ThirdParty\SDL2-2.0.3\lib\x86\SDL2.dll
                 1 file(s) copied.
         C:\Users\Casey Megginson\Documents\Visual Studio 2012\Projects\GameHomework1\ThirdParty\SDL2_image-2.0.0\lib\x86\libjpeg-9.dll
         C:\Users\Casey Megginson\Documents\Visual Studio 2012\Projects\GameHomework1\ThirdParty\SDL2_image-2.0.0\lib\x86\libpng16-16.dll
         C:\Users\Casey Megginson\Documents\Visual Studio 2012\Projects\GameHomework1\ThirdParty\SDL2_image-2.0.0\lib\x86\libtiff-5.dll
         C:\Users\Casey Megginson\Documents\Visual Studio 2012\Projects\GameHomework1\ThirdParty\SDL2_image-2.0.0\lib\x86\libwebp-4.dll
         C:\Users\Casey Megginson\Documents\Visual Studio 2012\Projects\GameHomework1\ThirdParty\SDL2_image-2.0.0\lib\x86\SDL2_image.dll
         C:\Users\Casey Megginson\Documents\Visual Studio 2012\Projects\GameHomework1\ThirdParty\SDL2_image-2.0.0\lib\x86\zlib1.dll
                 6 file(s) copied.
       ClCompile:
         C:\Program Files (x86)\Microsoft Visual Studio 11.0\VC\bin\CL.exe /c /ZI /nologo /W3 /WX- /sdl /Od /Oy- /D _MBCS /Gm /EHsc /RTC1 /MD /GS /fp:precise /Zc:wchar_t /Zc:forScope /Fo"C:\Users\Casey Megginson\Documents\Visual Studio 2012\Projects\GameHomework1\Temp\\" /Fd"C:\Users\Casey Megginson\Documents\Visual Studio 2012\Projects\GameHomework1\Temp\vc110.pdb" /Gd /TP /analyze- /errorReport:prompt Source\Texture.cpp
         Texture.cpp
       Link:
         C:\Program Files (x86)\Microsoft Visual Studio 11.0\VC\bin\link.exe /ERRORREPORT:PROMPT /OUT:"C:\Users\Casey Megginson\Documents\Visual Studio 2012\Projects\GameHomework1\Game\Hmwk.1.Assignment.exe" /INCREMENTAL /NOLOGO SDL2.lib SDL2main.lib SDL2_image.lib kernel32.lib user32.lib gdi32.lib winspool.lib comdlg32.lib advapi32.lib shell32.lib ole32.lib oleaut32.lib uuid.lib odbc32.lib odbccp32.lib /MANIFEST /MANIFESTUAC:"level='asInvoker' uiAccess='false'" /manifest:embed /DEBUG /PDB:"C:\Users\Casey Megginson\Documents\Visual Studio 2012\Projects\GameHomework1\Game\Hmwk.1.Assignment.pdb" /SUBSYSTEM:CONSOLE /TLBID:1 /DYNAMICBASE /NXCOMPAT /IMPLIB:"C:\Users\Casey Megginson\Documents\Visual Studio 2012\Projects\GameHomework1\Game\Hmwk.1.Assignment.lib" /MACHINE:X86 "C:\Users\Casey Megginson\Documents\Visual Studio 2012\Projects\GameHomework1\Temp\ArtAssetLibrary.obj"
         "C:\Users\Casey Megginson\Documents\Visual Studio 2012\Projects\GameHomework1\Temp\Carrier.obj"
         "C:\Users\Casey Megginson\Documents\Visual Studio 2012\Projects\GameHomework1\Temp\Factory.obj"
         "C:\Users\Casey Megginson\Documents\Visual Studio 2012\Projects\GameHomework1\Temp\Game.obj"
         "C:\Users\Casey Megginson\Documents\Visual Studio 2012\Projects\GameHomework1\Temp\GraphicsDevice.obj"
         "C:\Users\Casey Megginson\Documents\Visual Studio 2012\Projects\GameHomework1\Temp\Infantry.obj"
         "C:\Users\Casey Megginson\Documents\Visual Studio 2012\Projects\GameHomework1\Temp\InputDevice.obj"
         "C:\Users\Casey Megginson\Documents\Visual Studio 2012\Projects\GameHomework1\Temp\Object.obj"
         "C:\Users\Casey Megginson\Documents\Visual Studio 2012\Projects\GameHomework1\Temp\pugixml.obj"
         "C:\Users\Casey Megginson\Documents\Visual Studio 2012\Projects\GameHomework1\Temp\Source.obj"
         "C:\Users\Casey Megginson\Documents\Visual Studio 2012\Projects\GameHomework1\Temp\Texture.obj"
         "C:\Users\Casey Megginson\Documents\Visual Studio 2012\Projects\GameHomework1\Temp\Timer.obj"
         "C:\Users\Casey Megginson\Documents\Visual Studio 2012\Projects\GameHomework1\Temp\View.obj"
     1>SDL2main.lib(SDL_windows_main.obj) : error LNK2019: unresolved external symbol _SDL_main referenced in function _main
     1>C:\Users\Casey Megginson\Documents\Visual Studio 2012\Projects\GameHomework1\Game\Hmwk.1.Assignment.exe : fatal error LNK1120: 1 unresolved externals
     1>Done Building Project "C:\Users\Casey Megginson\Documents\Visual Studio 2012\Projects\GameHomework1\Hmwk.1.Assignment.vcxproj" (Build target(s)) -- FAILED.

Build FAILED.

Time Elapsed 00:00:00.71
